I, [2015-04-24T10:59:28.446773 #6654]  INFO -- Kitchen: -----> Starting Kitchen (v1.3.1)
I, [2015-04-24T10:59:28.891824 #6654]  INFO -- Kitchen: -----> Creating <default-precise32>...
I, [2015-04-24T11:00:57.869202 #6654]  INFO -- Kitchen: -----> Kitchen is finished. (1m29.42s)
I, [2015-04-24T11:01:44.316348 #8666]  INFO -- Kitchen: -----> Starting Kitchen (v1.3.1)
I, [2015-04-24T11:01:44.758255 #8666]  INFO -- Kitchen: -----> Converging <default-precise32>...
I, [2015-04-24T11:05:14.812783 #8666]  INFO -- Kitchen: -----> Kitchen is finished. (3m30.50s)
I, [2015-04-24T11:21:34.371607 #8913]  INFO -- Kitchen: -----> Starting Kitchen (v1.3.1)
I, [2015-04-24T11:21:34.841829 #8913]  INFO -- Kitchen: -----> Setting up <default-precise32>...
I, [2015-04-24T11:21:57.950760 #8913]  INFO -- Kitchen: -----> Verifying <default-precise32>...
I, [2015-04-24T11:22:07.500450 #8913]  INFO -- Kitchen: -----> Kitchen is finished. (0m33.13s)
I, [2015-04-24T11:25:06.322042 #8994]  INFO -- Kitchen: -----> Starting Kitchen (v1.3.1)
I, [2015-04-24T11:25:06.783180 #8994]  INFO -- Kitchen: -----> Verifying <default-precise32>...
E, [2015-04-24T11:25:19.091143 #8994] ERROR -- Kitchen: Verify failed on instance <default-precise32>.
I, [2015-04-24T11:26:20.831190 #9027]  INFO -- Kitchen: -----> Starting Kitchen (v1.3.1)
I, [2015-04-24T11:26:21.306600 #9027]  INFO -- Kitchen: -----> Verifying <default-precise32>...
E, [2015-04-24T11:26:34.276249 #9027] ERROR -- Kitchen: Verify failed on instance <default-precise32>.
I, [2015-04-24T11:27:13.068948 #9060]  INFO -- Kitchen: -----> Starting Kitchen (v1.3.1)
I, [2015-04-24T11:27:13.529385 #9060]  INFO -- Kitchen: -----> Verifying <default-precise32>...
E, [2015-04-24T11:27:26.160380 #9060] ERROR -- Kitchen: Verify failed on instance <default-precise32>.
I, [2015-04-24T11:28:21.709267 #9095]  INFO -- Kitchen: -----> Starting Kitchen (v1.3.1)
I, [2015-04-24T11:28:22.183502 #9095]  INFO -- Kitchen: -----> Verifying <default-precise32>...
E, [2015-04-24T11:28:34.696516 #9095] ERROR -- Kitchen: Verify failed on instance <default-precise32>.
I, [2015-04-24T11:28:45.998160 #9125]  INFO -- Kitchen: -----> Starting Kitchen (v1.3.1)
I, [2015-04-24T11:28:46.450051 #9125]  INFO -- Kitchen: -----> Verifying <default-precise32>...
I, [2015-04-24T11:28:56.157103 #9125]  INFO -- Kitchen: -----> Kitchen is finished. (0m10.16s)
I, [2015-04-24T11:29:18.740144 #9151]  INFO -- Kitchen: -----> Starting Kitchen (v1.3.1)
I, [2015-04-24T11:29:19.212419 #9151]  INFO -- Kitchen: -----> Verifying <default-precise32>...
I, [2015-04-24T11:29:29.950826 #9151]  INFO -- Kitchen: -----> Kitchen is finished. (0m11.21s)
I, [2015-04-24T11:30:08.032926 #9185]  INFO -- Kitchen: -----> Starting Kitchen (v1.3.1)
I, [2015-04-24T11:30:08.482598 #9185]  INFO -- Kitchen: -----> Verifying <default-precise32>...
I, [2015-04-24T11:30:20.136357 #9185]  INFO -- Kitchen: -----> Kitchen is finished. (0m12.10s)
I, [2015-04-24T11:30:49.163964 #9216]  INFO -- Kitchen: -----> Starting Kitchen (v1.3.1)
I, [2015-04-24T11:30:49.629692 #9216]  INFO -- Kitchen: -----> Verifying <default-precise32>...
E, [2015-04-24T11:31:02.503524 #9216] ERROR -- Kitchen: Verify failed on instance <default-precise32>.
I, [2015-04-24T11:31:19.048169 #9241]  INFO -- Kitchen: -----> Starting Kitchen (v1.3.1)
I, [2015-04-24T11:31:19.500599 #9241]  INFO -- Kitchen: -----> Verifying <default-precise32>...
I, [2015-04-24T11:31:31.215966 #9241]  INFO -- Kitchen: -----> Kitchen is finished. (0m12.17s)
I, [2015-04-24T11:33:10.354527 #9300]  INFO -- Kitchen: -----> Starting Kitchen (v1.3.1)
I, [2015-04-24T11:33:10.814768 #9300]  INFO -- Kitchen: -----> Cleaning up any prior instances of <default-precise32>
I, [2015-04-24T11:33:10.815910 #9300]  INFO -- Kitchen: -----> Destroying <default-precise32>...
I, [2015-04-24T11:33:14.806932 #9300]  INFO -- Kitchen: -----> Testing <default-precise32>
I, [2015-04-24T11:33:14.807188 #9300]  INFO -- Kitchen: -----> Creating <default-precise32>...
I, [2015-04-24T11:34:43.832678 #9300]  INFO -- Kitchen: -----> Converging <default-precise32>...
I, [2015-04-24T11:38:33.744173 #9300]  INFO -- Kitchen: -----> Setting up <default-precise32>...
I, [2015-04-24T11:38:57.373946 #9300]  INFO -- Kitchen: -----> Verifying <default-precise32>...
I, [2015-04-24T11:39:07.847560 #9300]  INFO -- Kitchen: -----> Destroying <default-precise32>...
I, [2015-04-24T11:39:11.701458 #9300]  INFO -- Kitchen: -----> Kitchen is finished. (6m1.35s)
